{
  "stats": {
    "suites": 1,
    "tests": 1,
    "passes": 1,
    "pending": 0,
    "failures": 0,
    "start": "2022-04-19T04:50:20.606Z",
    "end": "2022-04-19T04:50:28.683Z",
    "duration": 8077,
    "testsRegistered": 1,
    "passPercent": 100,
    "pendingPercent": 0,
    "other": 0,
    "hasOther": false,
    "skipped": 0,
    "hasSkipped": false
  },
  "results": [
    {
      "uuid": "514dc7e2-aeec-4129-90bd-c0eba8d67ae5",
      "title": "",
      "fullFile": "cypress/integration/e2e/index/dashboard.spec.ts",
      "file": "cypress/integration/e2e/index/dashboard.spec.ts",
      "beforeHooks": [],
      "afterHooks": [],
      "tests": [],
      "suites": [
        {
          "uuid": "ea46a317-c544-4d32-bd1b-ce23905aa1b5",
          "title": "dashboard test",
          "fullFile": "",
          "file": "",
          "beforeHooks": [],
          "afterHooks": [],
          "tests": [
            {
              "title": "list cookies",
              "fullTitle": "dashboard test list cookies",
              "timedOut": null,
              "duration": 7032,
              "state": "passed",
              "speed": "medium",
              "pass": true,
              "fail": false,
              "pending": false,
              "context": null,
              "code": "const shouldHave = [\"appSession\", \"sub\", \"email\", \"userId\", \"name\"];\ncy.getCookies().then((cookies) => {\n    // ensure that the cookies contains all should have\n    expect(cookies.map((c) => c.name)).to.include.members(shouldHave);\n});",
              "err": {},
              "uuid": "9f027578-a521-4134-93b3-ad7ef8b09db0",
              "parentUUID": "ea46a317-c544-4d32-bd1b-ce23905aa1b5",
              "isHook": false,
              "skipped": false
            }
          ],
          "suites": [],
          "passes": [
            "9f027578-a521-4134-93b3-ad7ef8b09db0"
          ],
          "failures": [],
          "pending": [],
          "skipped": [],
          "duration": 7032,
          "root": false,
          "rootEmpty": false,
          "_timeout": 2000
        }
      ],
      "passes": [],
      "failures": [],
      "pending": [],
      "skipped": [],
      "duration": 0,
      "root": true,
      "rootEmpty": true,
      "_timeout": 2000
    }
  ],
  "meta": {
    "mocha": {
      "version": "7.0.1"
    },
    "mochawesome": {
      "options": {
        "quiet": false,
        "reportFilename": "mochawesome",
        "saveHtml": false,
        "saveJson": true,
        "consoleReporter": "spec",
        "useInlineDiffs": false,
        "code": true
      },
      "version": "7.1.3"
    },
    "marge": {
      "options": {
        "reportDir": "cypress/reports/",
        "overwrite": false,
        "json": true,
        "html": false
      },
      "version": "6.2.0"
    }
  }
}