{
  "stats": {
    "suites": 1,
    "tests": 2,
    "passes": 1,
    "pending": 0,
    "failures": 1,
    "start": "2022-04-19T06:01:30.950Z",
    "end": "2022-04-19T06:02:39.039Z",
    "duration": 68089,
    "testsRegistered": 2,
    "passPercent": 50,
    "pendingPercent": 0,
    "other": 0,
    "hasOther": false,
    "skipped": 0,
    "hasSkipped": false
  },
  "results": [
    {
      "uuid": "c7ee4c90-8a71-412a-90c2-4c1116e879a3",
      "title": "",
      "fullFile": "cypress/integration/e2e/index/dashboard.spec.ts",
      "file": "cypress/integration/e2e/index/dashboard.spec.ts",
      "beforeHooks": [],
      "afterHooks": [],
      "tests": [],
      "suites": [
        {
          "uuid": "381c4b57-173b-4fc6-985a-1602565a4aa9",
          "title": "dashboard test",
          "fullFile": "",
          "file": "",
          "beforeHooks": [],
          "afterHooks": [],
          "tests": [
            {
              "title": "list cookies",
              "fullTitle": "dashboard test list cookies",
              "timedOut": null,
              "duration": 63726,
              "state": "passed",
              "speed": "slow",
              "pass": true,
              "fail": false,
              "pending": false,
              "context": null,
              "code": "// const shouldHave = [\"appSession\", \"sub\", \"email\", \"userId\", \"name\"];\n// cy.getCookies().then((cookies) => {\n//   // ensure that the cookies contains all should have\n//   expect(cookies.map((c) => c.name)).to.include.members(shouldHave);\n// });\ncy.contains(\"mlkyeung\");",
              "err": {},
              "uuid": "437c5b8b-0045-4c8d-968e-4b450afc7ce0",
              "parentUUID": "381c4b57-173b-4fc6-985a-1602565a4aa9",
              "isHook": false,
              "skipped": false
            },
            {
              "title": "check current run container match number",
              "fullTitle": "dashboard test check current run container match number",
              "timedOut": null,
              "duration": 4256,
              "state": "failed",
              "speed": null,
              "pass": false,
              "fail": true,
              "pending": false,
              "context": null,
              "code": "cy.get(\"#page-content #current-run\")\n    .should(\"have.attr\", \"data-containers\")\n    .and(\"eq\", 0);\ncy.get(\"#page-content #current-run\")\n    .should(\"have.attr\", \"data-quota\")\n    .and(\"eq\", 3);\n// check the number is the same on side bar\ncy.get(\"#sidebar #current-run\")\n    .should(\"have.attr\", \"data-containers\")\n    .and(\"equal\", 0);\ncy.get(\"#sidebar #current-run\")\n    .should(\"have.attr\", \"data-quota\")\n    .and(\"equal\", 3);",
              "err": {
                "message": "AssertionError: Timed out retrying after 4000ms: expected '0' to equal 0",
                "estack": "AssertionError: Timed out retrying after 4000ms: expected '0' to equal 0\n    at Context.eval (https://codespace.ust.dev/__cypress/tests?p=cypress/integration/e2e/index/dashboard.spec.ts:167:14)",
                "diff": null
              },
              "uuid": "c8dd196b-6472-4c62-a19b-590668c587f6",
              "parentUUID": "381c4b57-173b-4fc6-985a-1602565a4aa9",
              "isHook": false,
              "skipped": false
            }
          ],
          "suites": [],
          "passes": [
            "437c5b8b-0045-4c8d-968e-4b450afc7ce0"
          ],
          "failures": [
            "c8dd196b-6472-4c62-a19b-590668c587f6"
          ],
          "pending": [],
          "skipped": [],
          "duration": 67982,
          "root": false,
          "rootEmpty": false,
          "_timeout": 2000
        }
      ],
      "passes": [],
      "failures": [],
      "pending": [],
      "skipped": [],
      "duration": 0,
      "root": true,
      "rootEmpty": true,
      "_timeout": 2000
    }
  ],
  "meta": {
    "mocha": {
      "version": "7.0.1"
    },
    "mochawesome": {
      "options": {
        "quiet": false,
        "reportFilename": "mochawesome",
        "saveHtml": false,
        "saveJson": true,
        "consoleReporter": "spec",
        "useInlineDiffs": false,
        "code": true
      },
      "version": "7.1.3"
    },
    "marge": {
      "options": {
        "reportDir": "cypress/reports/",
        "overwrite": false,
        "json": true,
        "html": false
      },
      "version": "6.2.0"
    }
  }
}